#
# There is insufficient memory for the Java Runtime Environment to continue.
# Native memory allocation (mmap) failed to map 117440512 bytes for G1 virtual space
# Possible reasons:
#   The system is out of physical RAM or swap space
#   The process is running with CompressedOops enabled, and the Java Heap may be blocking the growth of the native heap
# Possible solutions:
#   Reduce memory load on the system
#   Increase physical memory or swap space
#   Check if swap backing store is full
#   Decrease Java heap size (-Xmx/-Xms)
#   Decrease number of Java threads
#   Decrease Java thread stack sizes (-Xss)
#   Set larger code cache with -XX:ReservedCodeCacheSize=
#   JVM is running with Unscaled Compressed Oops mode in which the Java heap is
#     placed in the first 4GB address space. The Java Heap base address is the
#     maximum limit for the native heap growth. Please use -XX:HeapBaseMinAddress
#     to set the Java Heap base and to place the Java Heap above 4GB virtual address.
# This output file may be truncated or incomplete.
#
#  Out of Memory Error (os_windows.cpp:3769), pid=12360, tid=13796
#
# JRE version:  (17.0.6+10) (build )
# Java VM: OpenJDK 64-Bit Server VM (17.0.6+10-b829.9, mixed mode, sharing, tiered, compressed oops, compressed class ptrs, g1 gc, windows-amd64)
# No core dump will be written. Minidumps are not enabled by default on client versions of Windows
#

---------------  S U M M A R Y ------------

Command Line: git4idea.http.GitAskPassApp Username for 'https://gitlab.istic.univ-rennes1.fr': 

Host: AMD Ryzen 5 3500U with Radeon Vega Mobile Gfx  , 8 cores, 6G,  Windows 10 , 64 bit Build 19041 (10.0.19041.3031)
Time: Wed Jun 14 17:55:36 2023 ora legale Europa occ. elapsed time: 0.027890 seconds (0d 0h 0m 0s)

---------------  T H R E A D  ---------------

Current thread (0x0000015fffeac160):  JavaThread "Unknown thread" [_thread_in_vm, id=13796, stack(0x0000002356a00000,0x0000002356b00000)]

Stack: [0x0000002356a00000,0x0000002356b00000]
Native frames: (J=compiled Java code, j=interpreted, Vv=VM code, C=native code)
V  [jvm.dll+0x683c5a]
V  [jvm.dll+0x842764]
V  [jvm.dll+0x843f5e]
V  [jvm.dll+0x8445c3]
V  [jvm.dll+0x249b75]
V  [jvm.dll+0x680b29]
V  [jvm.dll+0x67501a]
V  [jvm.dll+0x309acb]
V  [jvm.dll+0x310f86]
V  [jvm.dll+0x3608ee]
V  [jvm.dll+0x360b1f]
V  [jvm.dll+0x2dfbf8]
V  [jvm.dll+0x2e0b64]
V  [jvm.dll+0x814051]
V  [jvm.dll+0x36e6a1]
V  [jvm.dll+0x7f358c]
V  [jvm.dll+0x3f0e8f]
V  [jvm.dll+0x3f29d1]
C  [jli.dll+0x526b]
C  [ucrtbase.dll+0x21bb2]
C  [KERNEL32.DLL+0x17614]
C  [ntdll.dll+0x526f1]


---------------  P R O C E S S  ---------------

Threads class SMR info:
_java_thread_list=0x00007ff9b0dec058, length=0, elements={
}

Java Threads: ( => current thread )

Other Threads:
  0x0000015ffff018d0 GCTaskThread "GC Thread#0" [stack: 0x0000002356b00000,0x0000002356c00000] [id=17164]
  0x0000015ffff10610 ConcurrentGCThread "G1 Main Marker" [stack: 0x0000002356c00000,0x0000002356d00000] [id=11612]
  0x0000015ffff117c0 ConcurrentGCThread "G1 Conc#0" [stack: 0x0000002356d00000,0x0000002356e00000] [id=16124]

[error occurred during error reporting (printing all threads), id 0xc0000005, EXCEPTION_ACCESS_VIOLATION (0xc0000005) at pc=0x00007ff9b05a0797]

VM state: not at safepoint (not fully initialized)

VM Mutex/Monitor currently owned by a thread:  ([mutex/lock_event])
[0x0000015ffddfb800] Heap_lock - owner thread: 0x0000015fffeac160

Heap address: 0x0000000091000000, size: 1776 MB, Compressed Oops mode: 32-bit

CDS archive(s) mapped at: [0x0000000000000000-0x0000000000000000-0x0000000000000000), size 0, SharedBaseAddress: 0x0000000800000000, ArchiveRelocationMode: 0.
Narrow klass base: 0x0000000000000000, Narrow klass shift: 0, Narrow klass range: 0x0

GC Precious Log:
<Empty>

Heap:
 garbage-first heap   total 0K, used 0K [0x0000000091000000, 0x0000000100000000)
  region size 1024K, 0 young (0K), 0 survivors (0K)

[error occurred during error reporting (printing heap information), id 0xc0000005, EXCEPTION_ACCESS_VIOLATION (0xc0000005) at pc=0x00007ff9b098da49]

GC Heap History (0 events):
No events

Dll operation events (1 events):
Event: 0.017 Loaded shared library D:\Program Files\JetBrains\IntelliJ IDEA 2023.1.2\jbr\bin\java.dll

Deoptimization events (0 events):
No events

Classes unloaded (0 events):
No events

Classes redefined (0 events):
No events

Internal exceptions (0 events):
No events

VM Operations (0 events):
No events

Events (0 events):
No events


Dynamic libraries:
0x00007ff7c6b70000 - 0x00007ff7c6b7a000 	D:\Program Files\JetBrains\IntelliJ IDEA 2023.1.2\jbr\bin\java.exe
0x00007ffa087d0000 - 0x00007ffa089c8000 	C:\WINDOWS\SYSTEM32\ntdll.dll
0x00007ffa07200000 - 0x00007ffa072bf000 	C:\WINDOWS\System32\KERNEL32.DLL
0x00007ffa06160000 - 0x00007ffa06456000 	C:\WINDOWS\System32\KERNELBASE.dll
0x00007ffa06610000 - 0x00007ffa06710000 	C:\WINDOWS\System32\ucrtbase.dll
0x00007ff9e02a0000 - 0x00007ff9e02b7000 	D:\Program Files\JetBrains\IntelliJ IDEA 2023.1.2\jbr\bin\jli.dll
0x00007ff9e11f0000 - 0x00007ff9e120b000 	D:\Program Files\JetBrains\IntelliJ IDEA 2023.1.2\jbr\bin\VCRUNTIME140.dll
0x00007ffa085f0000 - 0x00007ffa0878d000 	C:\WINDOWS\System32\USER32.dll
0x00007ffa05fd0000 - 0x00007ffa05ff2000 	C:\WINDOWS\System32\win32u.dll
0x00007ff9fa3e0000 - 0x00007ff9fa67a000 	C:\WINDOWS\WinSxS\amd64_microsoft.windows.common-controls_6595b64144ccf1df_6.0.19041.1110_none_60b5254171f9507e\COMCTL32.dll
0x00007ffa074d0000 - 0x00007ffa074fc000 	C:\WINDOWS\System32\GDI32.dll
0x00007ffa07400000 - 0x00007ffa0749e000 	C:\WINDOWS\System32\msvcrt.dll
0x00007ffa06460000 - 0x00007ffa06575000 	C:\WINDOWS\System32\gdi32full.dll
0x00007ffa05eb0000 - 0x00007ffa05f4d000 	C:\WINDOWS\System32\msvcp_win.dll
0x00007ffa074a0000 - 0x00007ffa074d0000 	C:\WINDOWS\System32\IMM32.DLL
0x00007ff9f91d0000 - 0x00007ff9f91dc000 	D:\Program Files\JetBrains\IntelliJ IDEA 2023.1.2\jbr\bin\vcruntime140_1.dll
0x00007ff9b3a90000 - 0x00007ff9b3b1d000 	D:\Program Files\JetBrains\IntelliJ IDEA 2023.1.2\jbr\bin\msvcp140.dll
0x00007ff9b02b0000 - 0x00007ff9b0f1e000 	D:\Program Files\JetBrains\IntelliJ IDEA 2023.1.2\jbr\bin\server\jvm.dll
0x00007ffa06830000 - 0x00007ffa068df000 	C:\WINDOWS\System32\ADVAPI32.dll
0x00007ffa077c0000 - 0x00007ffa0785c000 	C:\WINDOWS\System32\sechost.dll
0x00007ffa07920000 - 0x00007ffa07a46000 	C:\WINDOWS\System32\RPCRT4.dll
0x00007ff9e1ca0000 - 0x00007ff9e1ca9000 	C:\WINDOWS\SYSTEM32\WSOCK32.dll
0x00007ffa034e0000 - 0x00007ffa03507000 	C:\WINDOWS\SYSTEM32\WINMM.dll
0x00007ff9fa920000 - 0x00007ff9fa92a000 	C:\WINDOWS\SYSTEM32\VERSION.dll
0x00007ffa07f20000 - 0x00007ffa07f8b000 	C:\WINDOWS\System32\WS2_32.dll
0x00007ffa04740000 - 0x00007ffa04752000 	C:\WINDOWS\SYSTEM32\kernel.appcore.dll
0x00007ff9ffe20000 - 0x00007ff9ffe2a000 	D:\Program Files\JetBrains\IntelliJ IDEA 2023.1.2\jbr\bin\jimage.dll
0x00007ffa03f50000 - 0x00007ffa04134000 	C:\WINDOWS\SYSTEM32\DBGHELP.DLL
0x00007ff9fca30000 - 0x00007ff9fca64000 	C:\WINDOWS\SYSTEM32\dbgcore.DLL
0x00007ffa06580000 - 0x00007ffa06602000 	C:\WINDOWS\System32\bcryptPrimitives.dll
0x00007ff9fc110000 - 0x00007ff9fc135000 	D:\Program Files\JetBrains\IntelliJ IDEA 2023.1.2\jbr\bin\java.dll

dbghelp: loaded successfully - version: 4.0.5 - missing functions: none
symbol engine: initialized successfully - sym options: 0x614 - pdb path: .;D:\Program Files\JetBrains\IntelliJ IDEA 2023.1.2\jbr\bin;C:\WINDOWS\SYSTEM32;C:\WINDOWS\WinSxS\amd64_microsoft.windows.common-controls_6595b64144ccf1df_6.0.19041.1110_none_60b5254171f9507e;D:\Program Files\JetBrains\IntelliJ IDEA 2023.1.2\jbr\bin\server

VM Arguments:
java_command: git4idea.http.GitAskPassApp Username for 'https://gitlab.istic.univ-rennes1.fr': 
java_class_path (initial): D:/Program Files/JetBrains/IntelliJ IDEA 2023.1.2/plugins/vcs-git/lib/git4idea-rt.jar;D:/Program Files/JetBrains/IntelliJ IDEA 2023.1.2/lib/externalProcess-rt.jar
Launcher Type: SUN_STANDARD

[Global flags]
     intx CICompilerCount                          = 4                                         {product} {ergonomic}
     uint ConcGCThreads                            = 2                                         {product} {ergonomic}
     uint G1ConcRefinementThreads                  = 8                                         {product} {ergonomic}
   size_t G1HeapRegionSize                         = 1048576                                   {product} {ergonomic}
    uintx GCDrainStackTargetSize                   = 64                                        {product} {ergonomic}
   size_t InitialHeapSize                          = 117440512                                 {product} {ergonomic}
   size_t MarkStackSize                            = 4194304                                   {product} {ergonomic}
   size_t MaxHeapSize                              = 1862270976                                {product} {ergonomic}
   size_t MinHeapDeltaBytes                        = 1048576                                   {product} {ergonomic}
   size_t MinHeapSize                              = 8388608                                   {product} {ergonomic}
    uintx NonNMethodCodeHeapSize                   = 5839372                                {pd product} {ergonomic}
    uintx NonProfiledCodeHeapSize                  = 122909434                              {pd product} {ergonomic}
    uintx ProfiledCodeHeapSize                     = 122909434                              {pd product} {ergonomic}
    uintx ReservedCodeCacheSize                    = 251658240                              {pd product} {ergonomic}
     bool SegmentedCodeCache                       = true                                      {product} {ergonomic}
   size_t SoftMaxHeapSize                          = 1862270976                             {manageable} {ergonomic}
     bool UseCompressedClassPointers               = true                           {product lp64_product} {ergonomic}
     bool UseCompressedOops                        = true                           {product lp64_product} {ergonomic}
     bool UseG1GC                                  = true                                      {product} {ergonomic}
     bool UseLargePagesIndividualAllocation        = false                                  {pd product} {ergonomic}

Logging:
Log output configuration:
 #0: stdout all=warning uptime,level,tags
 #1: stderr all=off uptime,level,tags

Environment Variables:
PATH=C:/Program Files/Git/mingw64/libexec/git-core;C:/Program Files/Git/mingw64/libexec/git-core;C:\Program Files\Git\mingw64\bin;C:\Program Files\Git\usr\bin;C:\Users\yasser\bin;C:\Python311\Scripts\;C:\Python311\;C:\Program Files\Common Files\Oracle\Java\javapath;C:\Program Files (x86)\Common Files\Oracle\Java\javapath;C:\WINDOWS\system32;C:\WINDOWS;C:\WINDOWS\System32\Wbem;C:\WINDOWS\System32\WindowsPowerShell\v1.0\;C:\WINDOWS\System32\OpenSSH\;C:\Program Files\Microsoft SQL Server\150\Tools\Binn\;C:\Program Files\Git\cmd;D:\Program Files (x86)\nodejs\;C:\ProgramData\chocolatey\bin;C:\Users\yasser\AppData\Local\Microsoft\WindowsApps;D:\Users\yasser\AppData\Local\Programs\Microsoft VS Code\bin;C:\Users\yasser\AppData\Local\JetBrains\Toolbox\scripts;C:\Users\yasser\AppData\Roaming\npm
USERNAME=yasser
DISPLAY=:0.0
LC_ALL=en_US.UTF-8
TERM=cygwin
TMPDIR=C:\Users\yasser\AppData\Local\Temp
OS=Windows_NT
PROCESSOR_IDENTIFIER=AMD64 Family 23 Model 24 Stepping 1, AuthenticAMD
TMP=C:\Users\yasser\AppData\Local\Temp
TEMP=C:\Users\yasser\AppData\Local\Temp


JNI global refs:

[error occurred during error reporting (JNI global references), id 0xc0000005, EXCEPTION_ACCESS_VIOLATION (0xc0000005) at pc=0x00007ff9b0367a10]


---------------  S Y S T E M  ---------------

OS:
 Windows 10 , 64 bit Build 19041 (10.0.19041.3031)
OS uptime: 0 days 2:30 hours

CPU: total 8 (initial active 8) (8 cores per cpu, 2 threads per core) family 23 model 24 stepping 1 microcode 0x0, cx8, cmov, fxsr, ht, mmx, 3dnowpref, sse, sse2, sse3, ssse3, sse4a, sse4.1, sse4.2, popcnt, lzcnt, tsc, tscinvbit, avx, avx2, aes, clmul, bmi1, bmi2, adx, sha, fma, vzeroupper, clflush, clflushopt

Memory: 4k page, system-wide physical 7103M (388M free)
TotalPageFile size 17343M (AvailPageFile size 17M)
current process WorkingSet (physical memory assigned to process): 10M, peak: 10M
current process commit charge ("private bytes"): 60M, peak: 172M

vm_info: OpenJDK 64-Bit Server VM (17.0.6+10-b829.9) for windows-amd64 JRE (17.0.6+10-b829.9), built on 2023-04-09 by "builduser" with MS VC++ 16.10 / 16.11 (VS2019)

END.
